<?xml version="1.0" encoding="UTF-8"?>
<testsuites name="jest tests" tests="7" failures="0" errors="0" time="8.309">
  <testsuite name="ShareSnapshotModal" errors="0" failures="0" skipped="0" timestamp="2022-05-09T22:36:47" time="7.628" tests="7">
    <testcase classname="ShareSnapshotModal LocalSnapshotDialog gets the snapshot data on download" name="ShareSnapshotModal LocalSnapshotDialog gets the snapshot data on download" time="0.273">
    </testcase>
    <testcase classname="ShareSnapshotModal LocalSnapshotDialog saves the snapshot data with correct filename on download" name="ShareSnapshotModal LocalSnapshotDialog saves the snapshot data with correct filename on download" time="0.055">
    </testcase>
    <testcase classname="ShareSnapshotModal CloudSnapshotModal renders with modal open w/o known username" name="ShareSnapshotModal CloudSnapshotModal renders with modal open w/o known username" time="0.017">
    </testcase>
    <testcase classname="ShareSnapshotModal CloudSnapshotModal renders with modal open w/ known username" name="ShareSnapshotModal CloudSnapshotModal renders with modal open w/ known username" time="0.003">
    </testcase>
    <testcase classname="ShareSnapshotModal CloudSnapshotModal renders without snapshotUrl" name="ShareSnapshotModal CloudSnapshotModal renders without snapshotUrl" time="0.004">
    </testcase>
    <testcase classname="ShareSnapshotModal CloudSnapshotModal renders with modal closed" name="ShareSnapshotModal CloudSnapshotModal renders with modal closed" time="0.002">
    </testcase>
    <testcase classname="ShareSnapshotModal CloudSnapshotModal renders team link" name="ShareSnapshotModal CloudSnapshotModal renders team link" time="0.003">
    </testcase>
  </testsuite>
</testsuites>